Inicio================================================ 
#0 Comprimir                      

7-Zip 18.05 (x64) : Copyright (c) 1999-2018 Igor Pavlov : 2018-04-30

Scanning the drive:
0 files, 0 bytes

Creating archive: C:\Users\Estudiante\Desktop\Bases-de-Datos-2\SEMANAIX\resp_frio_xe.7z

Add new data to archive: 0 files, 0 bytes


Files read from disk: 0
Archive size: 32 bytes (1 KiB)
Everything is Ok
Final comprimir ================================================ 
Final comprimir ================================================ 
#1 Encriptar                      
Final encriptar ================================================ 
#2 Namedate                      
NAMEDATE: Add a date to a given filename                         Version 7.10
Copyright ¸ 1999, 2002-2009, 2014-2017 by James Greene. All rights reserved.
james.greene@outlook.com - www.informatics-consulting.de - ASP Member #06128

NAMEDATE: Finished. 1 file processed.
Final namedate ================================================ 
#3 Borrar                      
Final borrar ================================================ 
Final ================================================ 
