Inicio================================================ 
#1 Exportar el usuario hr                          

Connected to: Oracle Database 11g Express Edition Release 11.2.0.2.0 - 64bit Production
Export done in WE8MSWIN1252 character set and AL16UTF16 NCHAR character set
server uses AL32UTF8 character set (possible charset conversion)

About to export specified users ...
. exporting pre-schema procedural objects and actions
. exporting foreign function library names for user HR 
. exporting PUBLIC type synonyms
. exporting private type synonyms
. exporting object type definitions for user HR 
About to export HR's objects ...
. exporting database links
. exporting sequence numbers
. exporting cluster definitions
. about to export HR's tables via Conventional Path ...
. exporting synonyms
. exporting views
. exporting stored procedures
. exporting operators
. exporting referential integrity constraints
. exporting triggers
. exporting indextypes
. exporting bitmap, functional and extensible indexes
. exporting posttables actions
. exporting materialized views
. exporting snapshot logs
. exporting job queues
. exporting refresh groups and children
. exporting dimensions
. exporting post-schema procedural objects and actions
. exporting statistics
Export terminated successfully without warnings.
______________________________________________________ 
#2 Se comprime el respaldo (.dmp) en un 7z    		    
error:                                                 
log:                                                   

7-Zip 18.05 (x64) : Copyright (c) 1999-2018 Igor Pavlov : 2018-04-30

Scanning the drive:
1 file, 4096 bytes (4 KiB)

Creating archive: hr.7z

Add new data to archive: 1 file, 4096 bytes (4 KiB)


Files read from disk: 1
Archive size: 875 bytes (1 KiB)
Everything is Ok
______________________________________________________ 
#3 Se encripta el respaldo (7z) en un 7z.aes    		
error:                                                 
log:                                                   
______________________________________________________ 
#4 Se aplica namedate al respaldo ya encriptado    	
error:                                                 
RENAME 'hr.7z.aes' TO 'hr(2018-09-22)-(22-43-19).7z.aes'
log:                                                   
NAMEDATE: Add a date to a given filename                         Version 7.10
Copyright ¸ 1999, 2002-2009, 2014-2017 by James Greene. All rights reserved.
james.greene@outlook.com - www.informatics-consulting.de - ASP Member #06128

NAMEDATE: Finished. 1 file processed.
______________________________________________________ 
Nombre Final del archivo: hr(2018-09-22)-(22-43-19).7z.aes									
Final ================================================ 
Inicio================================================ 
Fecha Inicio: date									    
#1 Exportar el usuario hr                          

Connected to: Oracle Database 11g Express Edition Release 11.2.0.2.0 - 64bit Production
Export done in WE8MSWIN1252 character set and AL16UTF16 NCHAR character set
server uses AL32UTF8 character set (possible charset conversion)

About to export specified users ...
. exporting pre-schema procedural objects and actions
. exporting foreign function library names for user HR 
. exporting PUBLIC type synonyms
. exporting private type synonyms
. exporting object type definitions for user HR 
About to export HR's objects ...
. exporting database links
. exporting sequence numbers
. exporting cluster definitions
. about to export HR's tables via Conventional Path ...
. exporting synonyms
. exporting views
. exporting stored procedures
. exporting operators
. exporting referential integrity constraints
. exporting triggers
. exporting indextypes
. exporting bitmap, functional and extensible indexes
. exporting posttables actions
. exporting materialized views
. exporting snapshot logs
. exporting job queues
. exporting refresh groups and children
. exporting dimensions
. exporting post-schema procedural objects and actions
. exporting statistics
Export terminated successfully without warnings.
______________________________________________________ 
#2 Se comprime el respaldo (.dmp) en un 7z    		    
error:                                                 
log:                                                   

7-Zip 18.05 (x64) : Copyright (c) 1999-2018 Igor Pavlov : 2018-04-30

Scanning the drive:
1 file, 4096 bytes (4 KiB)

Creating archive: hr.7z

Add new data to archive: 1 file, 4096 bytes (4 KiB)


Files read from disk: 1
Archive size: 875 bytes (1 KiB)
Everything is Ok
______________________________________________________ 
#3 Se encripta el respaldo (7z) en un 7z.aes    		
error:                                                 
log:                                                   
______________________________________________________ 
#4 Se aplica namedate al respaldo ya encriptado    	
error:                                                 
RENAME 'hr.7z.aes' TO 'hr(2018-09-22)-(22-43-50).7z.aes'
log:                                                   
NAMEDATE: Add a date to a given filename                         Version 7.10
Copyright ¸ 1999, 2002-2009, 2014-2017 by James Greene. All rights reserved.
james.greene@outlook.com - www.informatics-consulting.de - ASP Member #06128

NAMEDATE: Finished. 1 file processed.
______________________________________________________ 
Nombre Final del archivo: hr(2018-09-22)-(22-43-50).7z.aes									
Final ================================================ 
Inicio================================================ 
Fecha Inicio: 									    
#1 Exportar el usuario hr                          

Connected to: Oracle Database 11g Express Edition Release 11.2.0.2.0 - 64bit Production
Export done in WE8MSWIN1252 character set and AL16UTF16 NCHAR character set
server uses AL32UTF8 character set (possible charset conversion)

About to export specified users ...
. exporting pre-schema procedural objects and actions
. exporting foreign function library names for user HR 
. exporting PUBLIC type synonyms
. exporting private type synonyms
. exporting object type definitions for user HR 
About to export HR's objects ...
. exporting database links
. exporting sequence numbers
. exporting cluster definitions
. about to export HR's tables via Conventional Path ...
. exporting synonyms
. exporting views
. exporting stored procedures
. exporting operators
. exporting referential integrity constraints
. exporting triggers
. exporting indextypes
. exporting bitmap, functional and extensible indexes
. exporting posttables actions
. exporting materialized views
. exporting snapshot logs
. exporting job queues
. exporting refresh groups and children
. exporting dimensions
. exporting post-schema procedural objects and actions
. exporting statistics
Export terminated successfully without warnings.
______________________________________________________ 
#2 Se comprime el respaldo (.dmp) en un 7z    		    
error:                                                 
log:                                                   

7-Zip 18.05 (x64) : Copyright (c) 1999-2018 Igor Pavlov : 2018-04-30

Scanning the drive:
1 file, 4096 bytes (4 KiB)

Creating archive: hr.7z

Add new data to archive: 1 file, 4096 bytes (4 KiB)


Files read from disk: 1
Archive size: 876 bytes (1 KiB)
Everything is Ok
______________________________________________________ 
#3 Se encripta el respaldo (7z) en un 7z.aes    		
error:                                                 
log:                                                   
______________________________________________________ 
#4 Se aplica namedate al respaldo ya encriptado    	
error:                                                 
RENAME 'hr.7z.aes' TO 'hr(2018-09-22)-(22-46-29).7z.aes'
log:                                                   
NAMEDATE: Add a date to a given filename                         Version 7.10
Copyright ¸ 1999, 2002-2009, 2014-2017 by James Greene. All rights reserved.
james.greene@outlook.com - www.informatics-consulting.de - ASP Member #06128

NAMEDATE: Finished. 1 file processed.
______________________________________________________ 
Nombre Final del archivo: hr(2018-09-22)-(22-46-29).7z.aes									
Final ================================================ 
