Connected.
2147483638 XS$NULL                                                                                  
      1284 TEST                                                                                     
      1280 JMENDEZ                                                                                  
      1279 BSOTO                                                                                    
      1278 COMPRAS                                                                                  
      1274 RVARGAS                                                                                  
      1273 MLOPEZ                                                                                   
      1272 PROGRAMA                                                                                 
      1259 KSOLANO                                                                                  
      1258 FPEREZ                                                                                   
      1257 SISTEMA                                                                                  
      1253 BOBY                                                                                     
      1232 PROYECTO                                                                                 
      1231 GRACE                                                                                    
      1230 TINA                                                                                     
      1229 PETER                                                                                    
       934 JUAN                                                                                     
       933 CONTA                                                                                    
       869 TOM                                                                                      
       691 PEDRO                                                                                    
       348 MESPINOZA                                                                                
       346 MESPINOZA1                                                                               
       342 UWATAI                                                                                   
       341 MANUEL                                                                                   
       182 HR                                                                                       
        47 APEX_040000                                                                              
        45 APEX_PUBLIC_USER                                                                         
        44 FLOWS_FILES                                                                              
        42 MDSYS                                                                                    
        35 ANONYMOUS                                                                                
        34 XDB                                                                                      
        32 CTXSYS                                                                                   
         9 OUTLN                                                                                    
         5 SYSTEM                                                                                   
         0 SYS                                                                                      
