Pre Practica #1
Nos conectamos como system
Connected.
================================================
#3.1

User dropped.

#5.1

User dropped.


User dropped.


User dropped.


User dropped.

#3.2

Role dropped.

#6.1

User created.


User created.


User created.


User created.

#4.1

Role dropped.


Role dropped.


Role dropped.


Role dropped.


Role dropped.

#3.1

User created.

#3.2

Role created.

#3.3

Grant succeeded.

#6.2

Grant succeeded.

#3.4

Grant succeeded.

#3.5

User altered.


User altered.

================================================
#4
Connected.
#4.1

Role created.


Role created.


Role created.


Role created.


Role created.

#4.2

Table created.

#4.3

Table altered.

