Dropeamos el usuario conta

User dropped.


User dropped.


User dropped.


Role dropped.


Role dropped.


Role dropped.

Creamos el usuario CONTA (Sistema de Contabilidad)

Role created.


User created.


User created.

6.5

User created.


Grant succeeded.


Grant succeeded.

Brindar los permisos minimos.

Grant succeeded.


Grant succeeded.


Grant succeeded.


Grant succeeded.


User altered.


User altered.


Grant succeeded.

Conexion con usuario CONTA
Connected.

Role created.


Table created.

5.10

Table altered.


Function created.

5.3

Procedure created.

6.2

Procedure created.


Procedure created.

6.3

Role created.


Grant succeeded.


Grant succeeded.

6.4

Grant succeeded.

6.6

Grant succeeded.


1 row created.


Commit complete.


PL/SQL procedure successfully completed.


PL/SQL procedure successfully completed.


PL/SQL procedure successfully completed.

5.4

PL/SQL procedure successfully completed.


  CANTIDAD                                                                      
----------                                                                      
         2                                                                      


Grant succeeded.

5.5 Permisos a Juan

Grant succeeded.


Grant succeeded.

5.7

Grant succeeded.

Connected.

    CODIGO NOMBRE                                                               
---------- ----------                                                           
         1 Juancito                                                             
         2 ANA                                                                  


  CANTIDAD                                                                      
----------                                                                      
         2                                                                      

5.6

PL/SQL procedure successfully completed.

5.7

PL/SQL procedure successfully completed.


    CODIGO NOMBRE                                                               
---------- ----------                                                           
         1 Juancito                                                             
         2 ANA                                                                  
         3 Pedro                                                                
         4 Juana                                                                

6.7
Connected.

    CODIGO NOMBRE                                                               
---------- ----------                                                           
         1 Juancito                                                             
         2 ANA                                                                  
         3 Pedro                                                                
         4 Juana                                                                

