Pre Practica #2
Nos conectamos como system
Connected.
#3.1

User dropped.


User created.

#3.2

Role dropped.


Role dropped.


Role dropped.


Role dropped.


Role dropped.


Role created.

#3.3

Grant succeeded.


Grant succeeded.


Grant succeeded.


Grant succeeded.

#3.4

Grant succeeded.

#3.5

User altered.


User altered.

#4
Connected.
#4.1

Role created.


Role created.


Role created.


Role created.

#4.2

Table created.

#4.3

Table altered.

#4.4

Grant succeeded.

#4.5

Procedure created.

#4.6

Procedure created.

#4.7

Procedure created.

