
T_INICIO                                                                        
---------------------------------------------------------------------------     
24/09/18 03:12:44,168000 PM -06:00                                              


  COUNT(*)                                                                      
----------                                                                      
      3687                                                                      


  COUNT(*)                                                                      
----------                                                                      
      2066                                                                      


  COUNT(*)                                                                      
----------                                                                      
      2112                                                                      


  COUNT(*)                                                                      
----------                                                                      
      5248                                                                      


T_FINAL                                                                         
---------------------------------------------------------------------------     
24/09/18 03:12:48,302000 PM -06:00                                              


T_INICIO                                                                        
---------------------------------------------------------------------------     
24/09/18 03:16:38,476000 PM -06:00                                              


  COUNT(*)                                                                      
----------                                                                      
      3687                                                                      


  COUNT(*)                                                                      
----------                                                                      
      2066                                                                      


  COUNT(*)                                                                      
----------                                                                      
      2112                                                                      


  COUNT(*)                                                                      
----------                                                                      
      5248                                                                      


T_FINAL                                                                         
---------------------------------------------------------------------------     
24/09/18 03:16:42,554000 PM -06:00                                              


T_INICIO                                                                        
---------------------------------------------------------------------------     
24/09/18 03:17:07,889000 PM -06:00                                              


  COUNT(*)                                                                      
----------                                                                      
      3687                                                                      


  COUNT(*)                                                                      
----------                                                                      
      2066                                                                      


  COUNT(*)                                                                      
----------                                                                      
      2112                                                                      


  COUNT(*)                                                                      
----------                                                                      
      5248                                                                      


T_FINAL                                                                         
---------------------------------------------------------------------------     
24/09/18 03:17:10,467000 PM -06:00                                              


T_INICIO                                                                        
---------------------------------------------------------------------------     
24/09/18 03:17:11,874000 PM -06:00                                              


  COUNT(*)                                                                      
----------                                                                      
      3687                                                                      


  COUNT(*)                                                                      
----------                                                                      
      2066                                                                      


  COUNT(*)                                                                      
----------                                                                      
      2112                                                                      


  COUNT(*)                                                                      
----------                                                                      
      5248                                                                      


T_FINAL                                                                         
---------------------------------------------------------------------------     
24/09/18 03:17:14,639000 PM -06:00                                              


T_INICIO                                                                        
---------------------------------------------------------------------------     
24/09/18 03:19:18,731000 PM -06:00                                              


  COUNT(*)                                                                      
----------                                                                      
      3687                                                                      


  COUNT(*)                                                                      
----------                                                                      
      2066                                                                      


  COUNT(*)                                                                      
----------                                                                      
      2112                                                                      


  COUNT(*)                                                                      
----------                                                                      
      5248                                                                      


T_FINAL                                                                         
---------------------------------------------------------------------------     
24/09/18 03:19:21,231000 PM -06:00                                              


T_INICIO                                                                        
---------------------------------------------------------------------------     
24/09/18 03:19:22,653000 PM -06:00                                              


  COUNT(*)                                                                      
----------                                                                      
      3687                                                                      


  COUNT(*)                                                                      
----------                                                                      
      2066                                                                      


  COUNT(*)                                                                      
----------                                                                      
      2112                                                                      


  COUNT(*)                                                                      
----------                                                                      
      5248                                                                      


T_FINAL                                                                         
---------------------------------------------------------------------------     
24/09/18 03:19:25,126000 PM -06:00                                              

REINICIO ORACLE ================================= 


T_INICIO                                                                        
---------------------------------------------------------------------------     
24/09/18 03:24:33,690000 PM -06:00                                              


  COUNT(*)                                                                      
----------                                                                      
      3687                                                                      


  COUNT(*)                                                                      
----------                                                                      
      2066                                                                      


  COUNT(*)                                                                      
----------                                                                      
      2112                                                                      


  COUNT(*)                                                                      
----------                                                                      
      5248                                                                      


T_FINAL                                                                         
---------------------------------------------------------------------------     
24/09/18 03:24:41,119000 PM -06:00                                              


T_INICIO                                                                        
---------------------------------------------------------------------------     
24/09/18 03:25:56,656000 PM -06:00                                              


  COUNT(*)                                                                      
----------                                                                      
      3687                                                                      


  COUNT(*)                                                                      
----------                                                                      
      2066                                                                      


  COUNT(*)                                                                      
----------                                                                      
      2112                                                                      


  COUNT(*)                                                                      
----------                                                                      
      5248                                                                      


T_FINAL                                                                         
---------------------------------------------------------------------------     
24/09/18 03:26:03,844000 PM -06:00                                              


T_INICIO                                                                        
---------------------------------------------------------------------------     
24/09/18 03:26:24,835000 PM -06:00                                              


  COUNT(*)                                                                      
----------                                                                      
      3687                                                                      


  COUNT(*)                                                                      
----------                                                                      
      2066                                                                      


  COUNT(*)                                                                      
----------                                                                      
      2112                                                                      


  COUNT(*)                                                                      
----------                                                                      
      5248                                                                      


T_FINAL                                                                         
---------------------------------------------------------------------------     
24/09/18 03:26:32,015000 PM -06:00                                              


T_INICIO                                                                        
---------------------------------------------------------------------------     
24/09/18 03:26:53,535000 PM -06:00                                              


  COUNT(*)                                                                      
----------                                                                      
      3687                                                                      


  COUNT(*)                                                                      
----------                                                                      
      2066                                                                      


  COUNT(*)                                                                      
----------                                                                      
      2112                                                                      


  COUNT(*)                                                                      
----------                                                                      
      5248                                                                      


T_FINAL                                                                         
---------------------------------------------------------------------------     
24/09/18 03:27:00,910000 PM -06:00                                              

AGREGAR INDICE NOMBRE ============================ 

T_INICIO                                                                        
---------------------------------------------------------------------------     
24/09/18 03:31:12,919000 PM -06:00                                              


  COUNT(*)                                                                      
----------                                                                      
      3687                                                                      


  COUNT(*)                                                                      
----------                                                                      
      2066                                                                      


  COUNT(*)                                                                      
----------                                                                      
      2112                                                                      


  COUNT(*)                                                                      
----------                                                                      
      5248                                                                      


T_FINAL                                                                         
---------------------------------------------------------------------------     
24/09/18 03:31:13,059000 PM -06:00                                              


T_INICIO                                                                        
---------------------------------------------------------------------------     
24/09/18 03:31:16,851000 PM -06:00                                              


  COUNT(*)                                                                      
----------                                                                      
      3687                                                                      


  COUNT(*)                                                                      
----------                                                                      
      2066                                                                      


  COUNT(*)                                                                      
----------                                                                      
      2112                                                                      


  COUNT(*)                                                                      
----------                                                                      
      5248                                                                      


T_FINAL                                                                         
---------------------------------------------------------------------------     
24/09/18 03:31:16,874000 PM -06:00                                              


T_INICIO                                                                        
---------------------------------------------------------------------------     
24/09/18 03:31:18,227000 PM -06:00                                              


  COUNT(*)                                                                      
----------                                                                      
      3687                                                                      


  COUNT(*)                                                                      
----------                                                                      
      2066                                                                      


  COUNT(*)                                                                      
----------                                                                      
      2112                                                                      


  COUNT(*)                                                                      
----------                                                                      
      5248                                                                      


T_FINAL                                                                         
---------------------------------------------------------------------------     
24/09/18 03:31:18,242000 PM -06:00                                              

CON INDICE NOMBRE REINICIO ORACLE ============================ 

T_INICIO                                                                        
---------------------------------------------------------------------------     
24/09/18 03:39:44,048000 PM -06:00                                              


  COUNT(*)                                                                      
----------                                                                      
      3687                                                                      


  COUNT(*)                                                                      
----------                                                                      
      2066                                                                      


  COUNT(*)                                                                      
----------                                                                      
      2112                                                                      


  COUNT(*)                                                                      
----------                                                                      
      5248                                                                      


T_FINAL                                                                         
---------------------------------------------------------------------------     
24/09/18 03:39:44,251000 PM -06:00                                              


T_INICIO                                                                        
---------------------------------------------------------------------------     
24/09/18 03:39:45,938000 PM -06:00                                              


  COUNT(*)                                                                      
----------                                                                      
      3687                                                                      


  COUNT(*)                                                                      
----------                                                                      
      2066                                                                      


  COUNT(*)                                                                      
----------                                                                      
      2112                                                                      


  COUNT(*)                                                                      
----------                                                                      
      5248                                                                      


T_FINAL                                                                         
---------------------------------------------------------------------------     
24/09/18 03:39:45,954000 PM -06:00                                              


T_INICIO                                                                        
---------------------------------------------------------------------------     
24/09/18 03:39:47,674000 PM -06:00                                              


  COUNT(*)                                                                      
----------                                                                      
      3687                                                                      


  COUNT(*)                                                                      
----------                                                                      
      2066                                                                      


  COUNT(*)                                                                      
----------                                                                      
      2112                                                                      


  COUNT(*)                                                                      
----------                                                                      
      5248                                                                      


T_FINAL                                                                         
---------------------------------------------------------------------------     
24/09/18 03:39:47,690000 PM -06:00                                              

CON INDICE NOMBRE Y CON UPPER ============================ 

T_INICIO                                                                        
---------------------------------------------------------------------------     
24/09/18 03:45:43,876000 PM -06:00                                              


  COUNT(*)                                                                      
----------                                                                      
      3687                                                                      


  COUNT(*)                                                                      
----------                                                                      
      2066                                                                      


  COUNT(*)                                                                      
----------                                                                      
      2112                                                                      


  COUNT(*)                                                                      
----------                                                                      
      5248                                                                      


T_FINAL                                                                         
---------------------------------------------------------------------------     
24/09/18 03:45:52,539000 PM -06:00                                              


T_INICIO                                                                        
---------------------------------------------------------------------------     
24/09/18 03:45:55,696000 PM -06:00                                              


  COUNT(*)                                                                      
----------                                                                      
      3687                                                                      


  COUNT(*)                                                                      
----------                                                                      
      2066                                                                      


  COUNT(*)                                                                      
----------                                                                      
      2112                                                                      


  COUNT(*)                                                                      
----------                                                                      
      5248                                                                      


T_FINAL                                                                         
---------------------------------------------------------------------------     
24/09/18 03:46:03,003000 PM -06:00                                              


T_INICIO                                                                        
---------------------------------------------------------------------------     
24/09/18 03:46:06,831000 PM -06:00                                              


  COUNT(*)                                                                      
----------                                                                      
      3687                                                                      


  COUNT(*)                                                                      
----------                                                                      
      2066                                                                      


  COUNT(*)                                                                      
----------                                                                      
      2112                                                                      


  COUNT(*)                                                                      
----------                                                                      
      5248                                                                      


T_FINAL                                                                         
---------------------------------------------------------------------------     
24/09/18 03:46:14,662000 PM -06:00                                              

CON INDICE NOMBRE Y CON UPPER en VARIABLE ============================ 

T_INICIO                                                                        
---------------------------------------------------------------------------     
24/09/18 03:52:44,009000 PM -06:00                                              


  COUNT(*)                                                                      
----------                                                                      
      3687                                                                      


  COUNT(*)                                                                      
----------                                                                      
      2066                                                                      


  COUNT(*)                                                                      
----------                                                                      
      2112                                                                      


  COUNT(*)                                                                      
----------                                                                      
      5248                                                                      


T_FINAL                                                                         
---------------------------------------------------------------------------     
24/09/18 03:52:44,040000 PM -06:00                                              


T_INICIO                                                                        
---------------------------------------------------------------------------     
24/09/18 03:53:54,541000 PM -06:00                                              


  COUNT(*)                                                                      
----------                                                                      
      3687                                                                      


  COUNT(*)                                                                      
----------                                                                      
      2066                                                                      


  COUNT(*)                                                                      
----------                                                                      
      2112                                                                      


  COUNT(*)                                                                      
----------                                                                      
      5248                                                                      


T_FINAL                                                                         
---------------------------------------------------------------------------     
24/09/18 03:53:54,572000 PM -06:00                                              


T_INICIO                                                                        
---------------------------------------------------------------------------     
24/09/18 03:54:11,374000 PM -06:00                                              


  COUNT(*)                                                                      
----------                                                                      
      3687                                                                      


  COUNT(*)                                                                      
----------                                                                      
      2066                                                                      


  COUNT(*)                                                                      
----------                                                                      
      2112                                                                      


  COUNT(*)                                                                      
----------                                                                      
      5248                                                                      


T_FINAL                                                                         
---------------------------------------------------------------------------     
24/09/18 03:54:11,390000 PM -06:00                                              

CON INDICE NOMBRE Y LIKE ============================ 

T_INICIO                                                                        
---------------------------------------------------------------------------     
24/09/18 04:00:38,427000 PM -06:00                                              


  COUNT(*)                                                                      
----------                                                                      
     54980                                                                      


  COUNT(*)                                                                      
----------                                                                      
      5589                                                                      


  COUNT(*)                                                                      
----------                                                                      
     74933                                                                      


  COUNT(*)                                                                      
----------                                                                      
      8773                                                                      


T_FINAL                                                                         
---------------------------------------------------------------------------     
24/09/18 04:00:38,536000 PM -06:00                                              


T_INICIO                                                                        
---------------------------------------------------------------------------     
24/09/18 04:00:41,034000 PM -06:00                                              


  COUNT(*)                                                                      
----------                                                                      
     54980                                                                      


  COUNT(*)                                                                      
----------                                                                      
      5589                                                                      


  COUNT(*)                                                                      
----------                                                                      
     74933                                                                      


  COUNT(*)                                                                      
----------                                                                      
      8773                                                                      


T_FINAL                                                                         
---------------------------------------------------------------------------     
24/09/18 04:00:41,112000 PM -06:00                                              


T_INICIO                                                                        
---------------------------------------------------------------------------     
24/09/18 04:00:42,315000 PM -06:00                                              


  COUNT(*)                                                                      
----------                                                                      
     54980                                                                      


  COUNT(*)                                                                      
----------                                                                      
      5589                                                                      


  COUNT(*)                                                                      
----------                                                                      
     74933                                                                      


  COUNT(*)                                                                      
----------                                                                      
      8773                                                                      


T_FINAL                                                                         
---------------------------------------------------------------------------     
24/09/18 04:00:42,409000 PM -06:00                                              

CON INDICE NOMBRE Y LIKE DOBLE ============================ 

T_INICIO                                                                        
---------------------------------------------------------------------------     
24/09/18 04:03:12,589000 PM -06:00                                              


  COUNT(*)                                                                      
----------                                                                      
     55614                                                                      


  COUNT(*)                                                                      
----------                                                                      
      6106                                                                      


  COUNT(*)                                                                      
----------                                                                      
    162767                                                                      


  COUNT(*)                                                                      
----------                                                                      
     15939                                                                      


T_FINAL                                                                         
---------------------------------------------------------------------------     
24/09/18 04:03:19,471000 PM -06:00                                              


T_INICIO                                                                        
---------------------------------------------------------------------------     
24/09/18 04:03:21,284000 PM -06:00                                              


  COUNT(*)                                                                      
----------                                                                      
     55614                                                                      


  COUNT(*)                                                                      
----------                                                                      
      6106                                                                      


  COUNT(*)                                                                      
----------                                                                      
    162767                                                                      


  COUNT(*)                                                                      
----------                                                                      
     15939                                                                      


T_FINAL                                                                         
---------------------------------------------------------------------------     
24/09/18 04:03:27,112000 PM -06:00                                              


T_INICIO                                                                        
---------------------------------------------------------------------------     
24/09/18 04:03:28,644000 PM -06:00                                              


  COUNT(*)                                                                      
----------                                                                      
     55614                                                                      


  COUNT(*)                                                                      
----------                                                                      
      6106                                                                      


  COUNT(*)                                                                      
----------                                                                      
    162767                                                                      


  COUNT(*)                                                                      
----------                                                                      
     15939                                                                      


T_FINAL                                                                         
---------------------------------------------------------------------------     
24/09/18 04:03:35,725000 PM -06:00                                              

