
T_INICIO                                                                        
---------------------------------------------------------------------------     
24/09/18 08:12:25,711000 PM -06:00                                              


  COUNT(*)                                                                      
----------                                                                      
      3687                                                                      


  COUNT(*)                                                                      
----------                                                                      
      2066                                                                      


  COUNT(*)                                                                      
----------                                                                      
      2112                                                                      


  COUNT(*)                                                                      
----------                                                                      
      5248                                                                      


T_FINAL                                                                         
---------------------------------------------------------------------------     
24/09/18 08:12:27,086000 PM -06:00                                              


T_INICIO                                                                        
---------------------------------------------------------------------------     
24/09/18 08:13:12,539000 PM -06:00                                              


  COUNT(*)                                                                      
----------                                                                      
      3687                                                                      


  COUNT(*)                                                                      
----------                                                                      
      2066                                                                      


  COUNT(*)                                                                      
----------                                                                      
      2112                                                                      


  COUNT(*)                                                                      
----------                                                                      
      5248                                                                      


T_FINAL                                                                         
---------------------------------------------------------------------------     
24/09/18 08:13:13,899000 PM -06:00                                              


T_INICIO                                                                        
---------------------------------------------------------------------------     
24/09/18 08:13:15,430000 PM -06:00                                              


  COUNT(*)                                                                      
----------                                                                      
      3687                                                                      


  COUNT(*)                                                                      
----------                                                                      
      2066                                                                      


  COUNT(*)                                                                      
----------                                                                      
      2112                                                                      


  COUNT(*)                                                                      
----------                                                                      
      5248                                                                      


T_FINAL                                                                         
---------------------------------------------------------------------------     
24/09/18 08:13:16,820000 PM -06:00                                              

REINICIO ORACLE ================================ 

T_INICIO                                                                        
---------------------------------------------------------------------------     
24/09/18 08:19:56,414000 PM -06:00                                              


  COUNT(*)                                                                      
----------                                                                      
      3687                                                                      


  COUNT(*)                                                                      
----------                                                                      
      2066                                                                      


  COUNT(*)                                                                      
----------                                                                      
      2112                                                                      


  COUNT(*)                                                                      
----------                                                                      
      5248                                                                      


T_FINAL                                                                         
---------------------------------------------------------------------------     
24/09/18 08:20:07,065000 PM -06:00                                              


T_INICIO                                                                        
---------------------------------------------------------------------------     
24/09/18 08:20:17,417000 PM -06:00                                              


  COUNT(*)                                                                      
----------                                                                      
      3687                                                                      


  COUNT(*)                                                                      
----------                                                                      
      2066                                                                      


  COUNT(*)                                                                      
----------                                                                      
      2112                                                                      


  COUNT(*)                                                                      
----------                                                                      
      5248                                                                      


T_FINAL                                                                         
---------------------------------------------------------------------------     
24/09/18 08:20:25,430000 PM -06:00                                              


T_INICIO                                                                        
---------------------------------------------------------------------------     
24/09/18 08:20:31,891000 PM -06:00                                              


  COUNT(*)                                                                      
----------                                                                      
      3687                                                                      


  COUNT(*)                                                                      
----------                                                                      
      2066                                                                      


  COUNT(*)                                                                      
----------                                                                      
      2112                                                                      


  COUNT(*)                                                                      
----------                                                                      
      5248                                                                      


T_FINAL                                                                         
---------------------------------------------------------------------------     
24/09/18 08:20:39,623000 PM -06:00                                              

Crear Indice a nombre ========================= 

T_INICIO                                                                        
---------------------------------------------------------------------------     
24/09/18 08:26:59,166000 PM -06:00                                              


  COUNT(*)                                                                      
----------                                                                      
      3687                                                                      


  COUNT(*)                                                                      
----------                                                                      
      2066                                                                      


  COUNT(*)                                                                      
----------                                                                      
      2112                                                                      


  COUNT(*)                                                                      
----------                                                                      
      5248                                                                      


T_FINAL                                                                         
---------------------------------------------------------------------------     
24/09/18 08:26:59,275000 PM -06:00                                              


T_INICIO                                                                        
---------------------------------------------------------------------------     
24/09/18 08:27:01,650000 PM -06:00                                              


  COUNT(*)                                                                      
----------                                                                      
      3687                                                                      


  COUNT(*)                                                                      
----------                                                                      
      2066                                                                      


  COUNT(*)                                                                      
----------                                                                      
      2112                                                                      


  COUNT(*)                                                                      
----------                                                                      
      5248                                                                      


T_FINAL                                                                         
---------------------------------------------------------------------------     
24/09/18 08:27:01,666000 PM -06:00                                              


T_INICIO                                                                        
---------------------------------------------------------------------------     
24/09/18 08:27:03,762000 PM -06:00                                              


  COUNT(*)                                                                      
----------                                                                      
      3687                                                                      


  COUNT(*)                                                                      
----------                                                                      
      2066                                                                      


  COUNT(*)                                                                      
----------                                                                      
      2112                                                                      


  COUNT(*)                                                                      
----------                                                                      
      5248                                                                      


T_FINAL                                                                         
---------------------------------------------------------------------------     
24/09/18 08:27:03,778000 PM -06:00                                              

Con upper(nombre) INEFICIENTE!!! ========================= 

T_INICIO                                                                        
---------------------------------------------------------------------------     
24/09/18 08:32:01,168000 PM -06:00                                              


  COUNT(*)                                                                      
----------                                                                      
      3687                                                                      


  COUNT(*)                                                                      
----------                                                                      
      2066                                                                      


  COUNT(*)                                                                      
----------                                                                      
      2112                                                                      


  COUNT(*)                                                                      
----------                                                                      
      5248                                                                      


T_FINAL                                                                         
---------------------------------------------------------------------------     
24/09/18 08:32:10,071000 PM -06:00                                              


T_INICIO                                                                        
---------------------------------------------------------------------------     
24/09/18 08:32:21,337000 PM -06:00                                              


  COUNT(*)                                                                      
----------                                                                      
      3687                                                                      


  COUNT(*)                                                                      
----------                                                                      
      2066                                                                      


  COUNT(*)                                                                      
----------                                                                      
      2112                                                                      


  COUNT(*)                                                                      
----------                                                                      
      5248                                                                      


T_FINAL                                                                         
---------------------------------------------------------------------------     
24/09/18 08:32:29,876000 PM -06:00                                              


T_INICIO                                                                        
---------------------------------------------------------------------------     
24/09/18 08:32:38,035000 PM -06:00                                              


  COUNT(*)                                                                      
----------                                                                      
      3687                                                                      


  COUNT(*)                                                                      
----------                                                                      
      2066                                                                      


  COUNT(*)                                                                      
----------                                                                      
      2112                                                                      


  COUNT(*)                                                                      
----------                                                                      
      5248                                                                      


T_FINAL                                                                         
---------------------------------------------------------------------------     
24/09/18 08:32:46,036000 PM -06:00                                              

Con nombre= upper('juan') ========================= 

T_INICIO                                                                        
---------------------------------------------------------------------------     
24/09/18 08:43:45,585000 PM -06:00                                              


  COUNT(*)                                                                      
----------                                                                      
      3687                                                                      


  COUNT(*)                                                                      
----------                                                                      
      2066                                                                      


  COUNT(*)                                                                      
----------                                                                      
      2112                                                                      


  COUNT(*)                                                                      
----------                                                                      
      5248                                                                      


T_FINAL                                                                         
---------------------------------------------------------------------------     
24/09/18 08:43:45,616000 PM -06:00                                              


T_INICIO                                                                        
---------------------------------------------------------------------------     
24/09/18 08:43:47,700000 PM -06:00                                              


  COUNT(*)                                                                      
----------                                                                      
      3687                                                                      


  COUNT(*)                                                                      
----------                                                                      
      2066                                                                      


  COUNT(*)                                                                      
----------                                                                      
      2112                                                                      


  COUNT(*)                                                                      
----------                                                                      
      5248                                                                      


T_FINAL                                                                         
---------------------------------------------------------------------------     
24/09/18 08:43:47,732000 PM -06:00                                              


T_INICIO                                                                        
---------------------------------------------------------------------------     
24/09/18 08:43:48,894000 PM -06:00                                              


  COUNT(*)                                                                      
----------                                                                      
      3687                                                                      


  COUNT(*)                                                                      
----------                                                                      
      2066                                                                      


  COUNT(*)                                                                      
----------                                                                      
      2112                                                                      


  COUNT(*)                                                                      
----------                                                                      
      5248                                                                      


T_FINAL                                                                         
---------------------------------------------------------------------------     
24/09/18 08:43:48,925000 PM -06:00                                              

like de 'JUAN%' ========================= 

T_INICIO                                                                        
---------------------------------------------------------------------------     
24/09/18 08:47:56,259000 PM -06:00                                              


  COUNT(*)                                                                      
----------                                                                      
     54980                                                                      


  COUNT(*)                                                                      
----------                                                                      
      5589                                                                      


  COUNT(*)                                                                      
----------                                                                      
     74933                                                                      


  COUNT(*)                                                                      
----------                                                                      
      8773                                                                      


T_FINAL                                                                         
---------------------------------------------------------------------------     
24/09/18 08:47:56,353000 PM -06:00                                              


T_INICIO                                                                        
---------------------------------------------------------------------------     
24/09/18 08:47:58,056000 PM -06:00                                              


  COUNT(*)                                                                      
----------                                                                      
     54980                                                                      


  COUNT(*)                                                                      
----------                                                                      
      5589                                                                      


  COUNT(*)                                                                      
----------                                                                      
     74933                                                                      


  COUNT(*)                                                                      
----------                                                                      
      8773                                                                      


T_FINAL                                                                         
---------------------------------------------------------------------------     
24/09/18 08:47:58,150000 PM -06:00                                              


T_INICIO                                                                        
---------------------------------------------------------------------------     
24/09/18 08:47:59,666000 PM -06:00                                              


  COUNT(*)                                                                      
----------                                                                      
     54980                                                                      


  COUNT(*)                                                                      
----------                                                                      
      5589                                                                      


  COUNT(*)                                                                      
----------                                                                      
     74933                                                                      


  COUNT(*)                                                                      
----------                                                                      
      8773                                                                      


T_FINAL                                                                         
---------------------------------------------------------------------------     
24/09/18 08:47:59,744000 PM -06:00                                              

OJO like de '%JUAN%' ========================= 

T_INICIO                                                                        
---------------------------------------------------------------------------     
24/09/18 08:51:50,824000 PM -06:00                                              


  COUNT(*)                                                                      
----------                                                                      
     55614                                                                      


  COUNT(*)                                                                      
----------                                                                      
      6106                                                                      


  COUNT(*)                                                                      
----------                                                                      
    162767                                                                      


  COUNT(*)                                                                      
----------                                                                      
     15939                                                                      


T_FINAL                                                                         
---------------------------------------------------------------------------     
24/09/18 08:51:57,090000 PM -06:00                                              


T_INICIO                                                                        
---------------------------------------------------------------------------     
24/09/18 08:51:59,700000 PM -06:00                                              


  COUNT(*)                                                                      
----------                                                                      
     55614                                                                      


  COUNT(*)                                                                      
----------                                                                      
      6106                                                                      


  COUNT(*)                                                                      
----------                                                                      
    162767                                                                      


  COUNT(*)                                                                      
----------                                                                      
     15939                                                                      


T_FINAL                                                                         
---------------------------------------------------------------------------     
24/09/18 08:52:06,655000 PM -06:00                                              


T_INICIO                                                                        
---------------------------------------------------------------------------     
24/09/18 08:52:08,905000 PM -06:00                                              


  COUNT(*)                                                                      
----------                                                                      
     55614                                                                      


  COUNT(*)                                                                      
----------                                                                      
      6106                                                                      


  COUNT(*)                                                                      
----------                                                                      
    162767                                                                      


  COUNT(*)                                                                      
----------                                                                      
     15939                                                                      


T_FINAL                                                                         
---------------------------------------------------------------------------     
24/09/18 08:52:15,784000 PM -06:00                                              


T_INICIO                                                                        
---------------------------------------------------------------------------     
04/10/18 22:14:04,623000 -06:00                                                 


  COUNT(*)                                                                      
----------                                                                      
     55614                                                                      


  COUNT(*)                                                                      
----------                                                                      
      6106                                                                      


  COUNT(*)                                                                      
----------                                                                      
    162767                                                                      


  COUNT(*)                                                                      
----------                                                                      
     15939                                                                      


T_FINAL                                                                         
---------------------------------------------------------------------------     
04/10/18 22:14:09,883000 -06:00                                                 


T_INICIO                                                                        
---------------------------------------------------------------------------     
04/10/18 22:14:50,388000 -06:00                                                 


  COUNT(*)                                                                      
----------                                                                      
     55614                                                                      


  COUNT(*)                                                                      
----------                                                                      
      6106                                                                      


  COUNT(*)                                                                      
----------                                                                      
    162767                                                                      


  COUNT(*)                                                                      
----------                                                                      
     15939                                                                      


T_FINAL                                                                         
---------------------------------------------------------------------------     
04/10/18 22:14:53,516000 -06:00                                                 


T_INICIO                                                                        
---------------------------------------------------------------------------     
04/10/18 22:19:46,886000 -06:00                                                 


  COUNT(*)                                                                      
----------                                                                      
     55614                                                                      


  COUNT(*)                                                                      
----------                                                                      
      6106                                                                      


  COUNT(*)                                                                      
----------                                                                      
    162767                                                                      


  COUNT(*)                                                                      
----------                                                                      
     15939                                                                      


T_FINAL                                                                         
---------------------------------------------------------------------------     
04/10/18 22:19:50,300000 -06:00                                                 


T_INICIO                                                                        
---------------------------------------------------------------------------     
04/10/18 22:26:15,065000 -06:00                                                 


  COUNT(*)                                                                      
----------                                                                      
     55614                                                                      


  COUNT(*)                                                                      
----------                                                                      
      6106                                                                      


  COUNT(*)                                                                      
----------                                                                      
    162767                                                                      


  COUNT(*)                                                                      
----------                                                                      
     15939                                                                      


T_FINAL                                                                         
---------------------------------------------------------------------------     
04/10/18 22:26:19,946000 -06:00                                                 


T_INICIO                                                                        
---------------------------------------------------------------------------     
04/10/18 22:33:23,253000 -06:00                                                 


  COUNT(*)                                                                      
----------                                                                      
     55614                                                                      


  COUNT(*)                                                                      
----------                                                                      
      6106                                                                      


  COUNT(*)                                                                      
----------                                                                      
    162767                                                                      


  COUNT(*)                                                                      
----------                                                                      
     15939                                                                      


T_FINAL                                                                         
---------------------------------------------------------------------------     
04/10/18 22:33:24,807000 -06:00                                                 

