
T_INICIO                                                                        
---------------------------------------------------------------------------     
24/09/18 09:10:58,020000 PM -06:00                                              


  COUNT(*)                                                                      
----------                                                                      
       874                                                                      


T_MEDIO                                                                         
---------------------------------------------------------------------------     
24/09/18 09:10:59,816000 PM -06:00                                              


  COUNT(*)                                                                      
----------                                                                      
       874                                                                      


T_FINAL                                                                         
---------------------------------------------------------------------------     
24/09/18 09:11:03,239000 PM -06:00                                              


T_INICIO                                                                        
---------------------------------------------------------------------------     
24/09/18 09:11:08,524000 PM -06:00                                              


  COUNT(*)                                                                      
----------                                                                      
       874                                                                      


T_MEDIO                                                                         
---------------------------------------------------------------------------     
24/09/18 09:11:10,422000 PM -06:00                                              


  COUNT(*)                                                                      
----------                                                                      
       874                                                                      


T_FINAL                                                                         
---------------------------------------------------------------------------     
24/09/18 09:11:13,626000 PM -06:00                                              

Con Indice de Fecha ========================= 

T_INICIO                                                                        
---------------------------------------------------------------------------     
24/09/18 09:15:18,163000 PM -06:00                                              


  COUNT(*)                                                                      
----------                                                                      
       874                                                                      


T_MEDIO                                                                         
---------------------------------------------------------------------------     
24/09/18 09:15:18,210000 PM -06:00                                              


  COUNT(*)                                                                      
----------                                                                      
       874                                                                      


T_FINAL                                                                         
---------------------------------------------------------------------------     
24/09/18 09:15:21,866000 PM -06:00                                              


T_INICIO                                                                        
---------------------------------------------------------------------------     
24/09/18 09:15:59,270000 PM -06:00                                              


  COUNT(*)                                                                      
----------                                                                      
       874                                                                      


T_MEDIO                                                                         
---------------------------------------------------------------------------     
24/09/18 09:15:59,285000 PM -06:00                                              


  COUNT(*)                                                                      
----------                                                                      
       874                                                                      


T_FINAL                                                                         
---------------------------------------------------------------------------     
24/09/18 09:16:02,114000 PM -06:00                                              

Con Indice de to_char(fecha,'yyyy') ========================= 

T_INICIO                                                                        
---------------------------------------------------------------------------     
24/09/18 09:18:58,016000 PM -06:00                                              


  COUNT(*)                                                                      
----------                                                                      
       874                                                                      


T_MEDIO                                                                         
---------------------------------------------------------------------------     
24/09/18 09:18:58,016000 PM -06:00                                              


  COUNT(*)                                                                      
----------                                                                      
       874                                                                      


T_FINAL                                                                         
---------------------------------------------------------------------------     
24/09/18 09:18:58,063000 PM -06:00                                              

