
T_INICIO                                                                        
---------------------------------------------------------------------------     
24/09/18 03:12:59,832000 PM -06:00                                              


  COUNT(*)                                                                      
----------                                                                      
      3687                                                                      


  COUNT(*)                                                                      
----------                                                                      
      2066                                                                      


  COUNT(*)                                                                      
----------                                                                      
      2112                                                                      


  COUNT(*)                                                                      
----------                                                                      
      5248                                                                      


T_INICIO                                                                        
---------------------------------------------------------------------------     
24/09/18 03:13:00,382000 PM -06:00                                              


T_INICIO                                                                        
---------------------------------------------------------------------------     
24/09/18 03:13:20,187000 PM -06:00                                              


  COUNT(*)                                                                      
----------                                                                      
      3687                                                                      


  COUNT(*)                                                                      
----------                                                                      
      2066                                                                      


  COUNT(*)                                                                      
----------                                                                      
      2112                                                                      


  COUNT(*)                                                                      
----------                                                                      
      5248                                                                      


T_INICIO                                                                        
---------------------------------------------------------------------------     
24/09/18 03:13:20,452000 PM -06:00                                              


T_INICIO                                                                        
---------------------------------------------------------------------------     
24/09/18 03:16:50,660000 PM -06:00                                              


  COUNT(*)                                                                      
----------                                                                      
      3687                                                                      


  COUNT(*)                                                                      
----------                                                                      
      2066                                                                      


  COUNT(*)                                                                      
----------                                                                      
      2112                                                                      


  COUNT(*)                                                                      
----------                                                                      
      5248                                                                      


T_INICIO                                                                        
---------------------------------------------------------------------------     
24/09/18 03:16:50,905000 PM -06:00                                              


T_INICIO                                                                        
---------------------------------------------------------------------------     
24/09/18 03:17:21,154000 PM -06:00                                              


  COUNT(*)                                                                      
----------                                                                      
      3687                                                                      


  COUNT(*)                                                                      
----------                                                                      
      2066                                                                      


  COUNT(*)                                                                      
----------                                                                      
      2112                                                                      


  COUNT(*)                                                                      
----------                                                                      
      5248                                                                      


T_INICIO                                                                        
---------------------------------------------------------------------------     
24/09/18 03:17:21,406000 PM -06:00                                              


T_INICIO                                                                        
---------------------------------------------------------------------------     
24/09/18 03:17:32,085000 PM -06:00                                              


  COUNT(*)                                                                      
----------                                                                      
      3687                                                                      


  COUNT(*)                                                                      
----------                                                                      
      2066                                                                      


  COUNT(*)                                                                      
----------                                                                      
      2112                                                                      


  COUNT(*)                                                                      
----------                                                                      
      5248                                                                      


T_INICIO                                                                        
---------------------------------------------------------------------------     
24/09/18 03:17:32,333000 PM -06:00                                              


T_INICIO                                                                        
---------------------------------------------------------------------------     
24/09/18 03:29:10,970000 PM -06:00                                              


  COUNT(*)                                                                      
----------                                                                      
      3687                                                                      


  COUNT(*)                                                                      
----------                                                                      
      2066                                                                      


  COUNT(*)                                                                      
----------                                                                      
      2112                                                                      


  COUNT(*)                                                                      
----------                                                                      
      5248                                                                      


T_INICIO                                                                        
---------------------------------------------------------------------------     
24/09/18 03:30:13,112000 PM -06:00                                              


T_INICIO                                                                        
---------------------------------------------------------------------------     
24/09/18 03:32:56,238000 PM -06:00                                              


  COUNT(*)                                                                      
----------                                                                      
      3687                                                                      


  COUNT(*)                                                                      
----------                                                                      
      2066                                                                      


  COUNT(*)                                                                      
----------                                                                      
      2112                                                                      


  COUNT(*)                                                                      
----------                                                                      
      5248                                                                      


T_INICIO                                                                        
---------------------------------------------------------------------------     
24/09/18 03:32:56,645000 PM -06:00                                              


T_INICIO                                                                        
---------------------------------------------------------------------------     
24/09/18 03:38:06,892000 PM -06:00                                              


  COUNT(*)                                                                      
----------                                                                      
      3687                                                                      


  COUNT(*)                                                                      
----------                                                                      
      2066                                                                      


  COUNT(*)                                                                      
----------                                                                      
      2112                                                                      


  COUNT(*)                                                                      
----------                                                                      
      5248                                                                      


T_INICIO                                                                        
---------------------------------------------------------------------------     
24/09/18 03:38:06,897000 PM -06:00                                              


T_INICIO                                                                        
---------------------------------------------------------------------------     
24/09/18 03:45:45,674000 PM -06:00                                              


  COUNT(*)                                                                      
----------                                                                      
      3687                                                                      


  COUNT(*)                                                                      
----------                                                                      
      2066                                                                      


  COUNT(*)                                                                      
----------                                                                      
      2112                                                                      


  COUNT(*)                                                                      
----------                                                                      
      5248                                                                      


T_INICIO                                                                        
---------------------------------------------------------------------------     
24/09/18 03:45:56,336000 PM -06:00                                              


T_INICIO                                                                        
---------------------------------------------------------------------------     
24/09/18 03:49:46,000000 PM -06:00                                              


  COUNT(*)                                                                      
----------                                                                      
      3687                                                                      


  COUNT(*)                                                                      
----------                                                                      
      2066                                                                      


  COUNT(*)                                                                      
----------                                                                      
      2112                                                                      


  COUNT(*)                                                                      
----------                                                                      
      5248                                                                      


T_INICIO                                                                        
---------------------------------------------------------------------------     
24/09/18 03:49:46,008000 PM -06:00                                              


T_INICIO                                                                        
---------------------------------------------------------------------------     
24/09/18 03:50:13,343000 PM -06:00                                              


  COUNT(*)                                                                      
----------                                                                      
         0                                                                      


  COUNT(*)                                                                      
----------                                                                      
         0                                                                      


  COUNT(*)                                                                      
----------                                                                      
         0                                                                      


  COUNT(*)                                                                      
----------                                                                      
         0                                                                      


T_INICIO                                                                        
---------------------------------------------------------------------------     
24/09/18 03:50:13,360000 PM -06:00                                              


T_INICIO                                                                        
---------------------------------------------------------------------------     
24/09/18 03:50:51,288000 PM -06:00                                              


  COUNT(*)                                                                      
----------                                                                      
      3687                                                                      


  COUNT(*)                                                                      
----------                                                                      
      2066                                                                      


  COUNT(*)                                                                      
----------                                                                      
      2112                                                                      


  COUNT(*)                                                                      
----------                                                                      
      5248                                                                      


T_INICIO                                                                        
---------------------------------------------------------------------------     
24/09/18 03:50:51,301000 PM -06:00                                              

